Apr 24 22:03 : added Feint/Past Futrues.mp3
Apr 24 22:03 : added Feint/Ramless B.mp3
Apr 24 22:03 : added Feint/Feint - Those eyes [FULL].mp3
Apr 24 22:03 : added Feint/Moleman.mp3
Apr 24 22:03 : added Feint/Sabrepuls.mp3
Apr 24 22:03 : added Feint/04-feint-horizons_feat._veela_(bustre_remix).mp3
Apr 24 22:03 : added Feint/Time Bomb.mp3
Apr 24 22:03 : added Feint/And i knew.mp3
Apr 24 22:03 : added Feint/Times Like These.mp3
Apr 24 22:03 : added Feint/TwoThirds & Feint - Epiphany.mp3
Apr 24 22:03 : added Feint/Clockwork Hearts.mp3
Apr 24 22:03 : added Feint/Horrizant.mp3
Apr 24 22:03 : added Feint/Sleepless.mp3
Apr 24 22:03 : added Feint/Against the Grain.mp3
Apr 24 22:03 : added Feint/[DNB] Atlas - Feint [Monstercat Release].mp3
Apr 24 22:03 : added Feint/Vision Driver.mp3
Apr 24 22:03 : added Feint/The Catch.mp3
Apr 24 22:03 : added Feint/The Jounery.mp3
Apr 24 22:03 : added Feint/Airplanes.mp3
Apr 24 22:03 : added Feint/Laurence.mp3
Apr 24 22:03 : added Feint/Feint - Reprise.mp3
Apr 24 22:03 : added Feint/01-feint-horizons_feat._veela_(original_mix).mp3
Apr 24 22:08 : added Feint/Past Futrues.mp3
Apr 24 22:08 : added Feint/Ramless B.mp3
Apr 24 22:08 : added Feint/Feint - Those eyes [FULL].mp3
Apr 24 22:08 : added Feint/Moleman.mp3
Apr 24 22:08 : added Feint/Sabrepuls.mp3
Apr 24 22:08 : added Feint/04-feint-horizons_feat._veela_(bustre_remix).mp3
Apr 24 22:08 : added Feint/Time Bomb.mp3
Apr 24 22:08 : added Feint/And i knew.mp3
Apr 24 22:08 : added Feint/Times Like These.mp3
Apr 24 22:08 : added Feint/TwoThirds & Feint - Epiphany.mp3
Apr 24 22:08 : added Feint/Clockwork Hearts.mp3
Apr 24 22:08 : added Feint/Horrizant.mp3
Apr 24 22:08 : added Feint/Sleepless.mp3
Apr 24 22:08 : added Feint/Against the Grain.mp3
Apr 24 22:08 : added Feint/[DNB] Atlas - Feint [Monstercat Release].mp3
Apr 24 22:08 : added Feint/Vision Driver.mp3
Apr 24 22:08 : added Feint/The Catch.mp3
Apr 24 22:08 : added Feint/The Jounery.mp3
Apr 24 22:08 : added Feint/Airplanes.mp3
Apr 24 22:08 : added Feint/Laurence.mp3
Apr 24 22:08 : added Feint/Feint - Reprise.mp3
Apr 24 22:08 : added Feint/01-feint-horizons_feat._veela_(original_mix).mp3
Apr 24 22:08 : added Feint/Past Futrues.mp3
Apr 24 22:08 : added Feint/Ramless B.mp3
Apr 24 22:08 : added Feint/Feint - Those eyes [FULL].mp3
Apr 24 22:08 : added Feint/Moleman.mp3
Apr 24 22:08 : added Feint/Sabrepuls.mp3
Apr 24 22:08 : added Feint/04-feint-horizons_feat._veela_(bustre_remix).mp3
Apr 24 22:08 : added Feint/Time Bomb.mp3
Apr 24 22:08 : added Feint/And i knew.mp3
Apr 24 22:08 : added Feint/Times Like These.mp3
Apr 24 22:08 : added Feint/TwoThirds & Feint - Epiphany.mp3
Apr 24 22:08 : added Feint/Clockwork Hearts.mp3
Apr 24 22:08 : added Feint/Horrizant.mp3
Apr 24 22:08 : added Feint/Sleepless.mp3
Apr 24 22:08 : added Feint/Against the Grain.mp3
Apr 24 22:08 : added Feint/[DNB] Atlas - Feint [Monstercat Release].mp3
Apr 24 22:08 : added Feint/Vision Driver.mp3
Apr 24 22:08 : added Feint/The Catch.mp3
Apr 24 22:08 : added Feint/The Jounery.mp3
Apr 24 22:08 : added Feint/Airplanes.mp3
Apr 24 22:08 : added Feint/Laurence.mp3
Apr 24 22:08 : added Feint/Feint - Reprise.mp3
Apr 24 22:08 : added Feint/01-feint-horizons_feat._veela_(original_mix).mp3
Apr 24 22:29 : mixer: Failed to read mixer for 'My ALSA Device': no such mixer control: PCM
Apr 24 22:29 : output: Failed to open "My ALSA Device" [alsa]: Failed to open ALSA device "hw:0,0": No such file or directory
Apr 24 22:29 : player_thread: problems opening audio device while playing "Feint/Clockwork Hearts.mp3"
Apr 24 22:32 : mixer: Failed to read mixer for 'My ALSA Device': no such mixer control: PCM
Apr 24 22:32 : output: Failed to open "My ALSA Device" [alsa]: Failed to open ALSA device "hw:0,0": No such file or directory
Apr 24 22:32 : player_thread: problems opening audio device while playing "Feint/Clockwork Hearts.mp3"
Apr 24 22:32 : output: Failed to open "My ALSA Device" [alsa]: Failed to open ALSA device "hw:0,0": No such file or directory
Apr 24 22:32 : player_thread: problems opening audio device while playing "Feint/Clockwork Hearts.mp3"
Apr 24 22:32 : output: Failed to open "My ALSA Device" [alsa]: Failed to open ALSA device "hw:0,0": No such file or directory
Apr 24 22:32 : player_thread: problems opening audio device while playing "Feint/Clockwork Hearts.mp3"
Apr 24 22:42 : mixer: Failed to read mixer for 'My ALSA Device': failed to attach to default: Permission denied
ALSA lib pcm_hw.c:1669:(_snd_pcm_hw_open) Invalid value for card
Apr 24 22:42 : output: Failed to open "My ALSA Device" [alsa]: Failed to open ALSA device "hw:0,0": No such file or directory
Apr 24 22:42 : player_thread: problems opening audio device while playing "Feint/Clockwork Hearts.mp3"
ALSA lib pcm_hw.c:1669:(_snd_pcm_hw_open) Invalid value for card
Apr 24 22:42 : output: Failed to open "My ALSA Device" [alsa]: Failed to open ALSA device "hw:0,0": No such file or directory
Apr 24 22:42 : player_thread: problems opening audio device while playing "Feint/Clockwork Hearts.mp3"
Apr 24 23:09 : mixer: Failed to read mixer for 'My ALSA Device': no such mixer control: PCM
Apr 24 23:09 : output: Failed to open "My ALSA Device" [alsa]: Failed to open ALSA device "hw:0,0": No such file or directory
Apr 24 23:09 : player_thread: problems opening audio device while playing "Feint/Clockwork Hearts.mp3"
Apr 24 23:10 : mixer: Failed to read mixer for 'My ALSA Device': no such mixer control: PCM
Apr 24 23:10 : Failed to open mixer for 'My ALSA Device': no such mixer control: PCM
Apr 24 23:15 : player_thread: played "Feint/01-feint-horizons_feat._veela_(original_mix).mp3"
Apr 24 23:19 : player_thread: played "Feint/Moleman.mp3"
Apr 24 23:20 : avahi: Client Disconnected, will reconnect shortly
Apr 24 23:20 : avahi: Could not reconnect: An unexpected D-Bus error occured
Apr 25 15:41 : mixer: Failed to read mixer for 'My ALSA Device': no such mixer control: PCM
Apr 25 15:41 : Failed to open mixer for 'My ALSA Device': no such mixer control: PCM
Apr 25 15:43 : player_thread: played "Feint/Ramless B.mp3"
Apr 25 15:49 : player_thread: played "Feint/Clockwork Hearts.mp3"
Apr 25 15:53 : player_thread: played "Feint/And i knew.mp3"
Apr 25 15:56 : avahi: Client Disconnected, will reconnect shortly
Apr 25 15:56 : avahi: Could not reconnect: An unexpected D-Bus error occured
Apr 26 16:37 : Failed to open mixer for 'My ALSA Device': no such mixer control: PCM
Apr 26 16:38 : player_thread: played "Feint/The Catch.mp3"
Apr 26 16:42 : player_thread: played "Feint/Vision Driver.mp3"
Apr 29 23:17 : mixer: Failed to read mixer for 'My ALSA Device': no such mixer control: PCM
Apr 29 23:17 : Failed to open mixer for 'My ALSA Device': no such mixer control: PCM
Apr 29 23:17 : player_thread: played "Feint/Vision Driver.mp3"
Apr 29 23:17 : avahi: Client Disconnected, will reconnect shortly
Apr 29 23:17 : avahi: Could not reconnect: Daemon not running
May 06 17:26 : Failed to open mixer for 'My ALSA Device': no such mixer control: PCM
May 06 17:27 : player_thread: played "Feint/Horrizant.mp3"
May 06 17:31 : player_thread: played "Feint/Airplanes.mp3"
May 06 17:32 : Failed to open mixer for 'My ALSA Device': no such mixer control: PCM
May 06 17:35 : player_thread: played "Feint/The Jounery.mp3"
May 06 17:39 : player_thread: played "Feint/01-feint-horizons_feat._veela_(original_mix).mp3"
May 06 17:44 : player_thread: played "Feint/Feint - Those eyes [FULL].mp3"
May 06 17:48 : player_thread: played "Feint/Vision Driver.mp3"
May 06 17:49 : player_thread: played "Feint/Horrizant.mp3"
May 06 17:55 : player_thread: played "Feint/Sabrepuls.mp3"
May 06 18:01 : player_thread: played "Feint/Clockwork Hearts.mp3"
May 06 18:04 : player_thread: played "Feint/Against the Grain.mp3"
May 06 18:08 : player_thread: played "Feint/Sleepless.mp3"
May 06 18:14 : player_thread: played "Feint/04-feint-horizons_feat._veela_(bustre_remix).mp3"
May 06 18:18 : player_thread: played "Feint/And i knew.mp3"
May 06 18:22 : player_thread: played "Feint/Time Bomb.mp3"
May 06 18:27 : player_thread: played "Feint/Airplanes.mp3"
May 06 18:30 : player_thread: played "Feint/Feint - Reprise.mp3"
May 06 18:36 : player_thread: played "Feint/Times Like These.mp3"
May 06 18:38 : player_thread: played "Feint/Ramless B.mp3"
May 06 18:42 : player_thread: played "Feint/Moleman.mp3"
May 06 18:47 : player_thread: played "Feint/[DNB] Atlas - Feint [Monstercat Release].mp3"
May 06 18:51 : player_thread: played "Feint/Laurence.mp3"
May 06 18:57 : player_thread: played "Feint/TwoThirds & Feint - Epiphany.mp3"
May 06 19:03 : player_thread: played "Feint/Clockwork Hearts.mp3"
May 06 19:07 : player_thread: played "Feint/Past Futrues.mp3"
May 06 19:13 : Failed to open mixer for 'My ALSA Device': no such mixer control: PCM
May 06 19:19 : player_thread: played "Feint/Times Like These.mp3"
May 06 19:23 : player_thread: played "Feint/Feint - Those eyes [FULL].mp3"
May 06 19:27 : player_thread: played "Feint/The Catch.mp3"
May 06 19:28 : player_thread: played "Feint/Horrizant.mp3"
May 06 19:33 : player_thread: played "Feint/Sleepless.mp3"
May 06 19:38 : player_thread: played "Feint/Sabrepuls.mp3"
May 06 19:45 : player_thread: played "Feint/Clockwork Hearts.mp3"
May 06 19:47 : player_thread: played "Feint/Against the Grain.mp3"
May 06 19:50 : player_thread: played "Feint/Feint - Reprise.mp3"
May 06 19:54 : player_thread: played "Feint/Vision Driver.mp3"
May 06 19:58 : player_thread: played "Feint/Laurence.mp3"
May 06 20:03 : player_thread: played "Feint/And i knew.mp3"
May 06 20:08 : player_thread: played "Feint/[DNB] Atlas - Feint [Monstercat Release].mp3"
May 06 20:08 : avahi: Client Disconnected, will reconnect shortly
May 06 20:08 : avahi: Could not reconnect: An unexpected D-Bus error occured
May 07 15:19 : Failed to open mixer for 'My ALSA Device': no such mixer control: PCM
May 07 15:23 : player_thread: played "Feint/Moleman.mp3"
May 07 15:28 : player_thread: played "Feint/Feint - Those eyes [FULL].mp3"
May 07 15:30 : player_thread: played "Feint/Ramless B.mp3"
May 07 15:37 : player_thread: played "Feint/Clockwork Hearts.mp3"
May 07 15:40 : player_thread: played "Feint/Time Bomb.mp3"
May 07 15:44 : player_thread: played "Feint/Laurence.mp3"
May 07 15:45 : avahi: Client Disconnected, will reconnect shortly
May 07 15:45 : avahi: Could not reconnect: Daemon not running
Jun 08 13:26 : player_thread: played "Feint/Feint - Reprise.mp3"
Jun 08 13:30 : player_thread: played "Feint/[DNB] Atlas - Feint [Monstercat Release].mp3"
Jun 08 13:33 : player_thread: played "Feint/Against the Grain.mp3"
Jun 08 13:38 : player_thread: played "Feint/01-feint-horizons_feat._veela_(original_mix).mp3"
Jun 08 13:40 : player_thread: played "Feint/Ramless B.mp3"
Jun 08 13:45 : player_thread: played "Feint/Airplanes.mp3"
Jun 08 13:51 : player_thread: played "Feint/Times Like These.mp3"
Jun 08 13:52 : avahi: Client Disconnected, will reconnect shortly
Jun 08 13:52 : avahi: Could not reconnect: An unexpected D-Bus error occured
Jul 23 12:17 : Failed to open mixer for 'My ALSA Device': no such mixer control: PCM
Jul 23 12:19 : added OST/Assassins Creed 2 OST.mp3
Jul 23 12:19 : added OST/Chrono Trigger OST.mp3
Jul 23 12:19 : added OST/TES - Morrowind OST.mp3
Jul 23 12:19 : added OST/TES - Oblivion Soundtrack.m4a
Jul 23 12:19 : added OST/TES - Skyrim OST.mp3
Jul 23 12:19 : updating Feint/Sleepless.mp3
Jul 23 12:19 : updating Feint/And i knew.mp3
Jul 23 12:19 : updating Feint/Horrizant.mp3
Jul 23 12:19 : updating Feint/Ramless B.mp3
Jul 23 12:19 : updating Feint/Against the Grain.mp3
Jul 23 12:19 : updating Feint/Airplanes.mp3
Jul 23 12:19 : updating Feint/TwoThirds & Feint - Epiphany.mp3
Jul 23 12:19 : updating Feint/The Jounery.mp3
Jul 23 12:19 : updating Feint/Past Futrues.mp3
Jul 23 12:19 : updating Feint/The Catch.mp3
Jul 23 12:19 : updating Feint/Clockwork Hearts.mp3
Jul 23 12:19 : updating Feint/Time Bomb.mp3
Jul 23 12:19 : updating Feint/Moleman.mp3
Jul 23 12:19 : updating Feint/Times Like These.mp3
Jul 23 12:19 : updating Feint/[DNB] Atlas - Feint [Monstercat Release].mp3
Jul 23 12:19 : updating Feint/Laurence.mp3
Jul 23 12:19 : updating Feint/Feint - Reprise.mp3
Jul 23 12:19 : updating Feint/Vision Driver.mp3
Jul 23 12:19 : updating Feint/01-feint-horizons_feat._veela_(original_mix).mp3
Jul 23 12:19 : updating Feint/Sabrepuls.mp3
Jul 23 12:19 : updating Feint/04-feint-horizons_feat._veela_(bustre_remix).mp3
Jul 23 12:19 : updating Feint/Feint - Those eyes [FULL].mp3
Jul 23 12:21 : player_thread: played "Feint/Sabrepuls.mp3"
Jul 23 12:22 : Failed to open mixer for 'My ALSA Device': no such mixer control: PCM
Jul 23 12:24 : player_thread: played "Feint/Against the Grain.mp3"
Jul 23 12:30 : player_thread: played "Feint/Clockwork Hearts.mp3"
Jul 23 12:33 : player_thread: played "Feint/Feint - Reprise.mp3"
Jul 23 12:59 : Failed to open mixer for 'My ALSA Device': no such mixer control: PCM
Jul 23 13:25 : Failed to open mixer for 'My ALSA Device': no such mixer control: PCM
Jul 23 22:40 : output: Failed to open "My ALSA Device" [alsa]: Failed to open ALSA device "hw:1,0": Device or resource busy
Jul 23 22:40 : output: Failed to open "My ALSA Device" [alsa]: Failed to open ALSA device "hw:1,0": Device or resource busy
Jul 23 22:40 : player_thread: problems opening audio device while playing "Feint/Clockwork Hearts.mp3"
Jul 23 22:40 : output: Failed to open "My ALSA Device" [alsa]: Failed to open ALSA device "hw:1,0": Device or resource busy
Jul 23 22:40 : player_thread: problems opening audio device while playing "Feint/Clockwork Hearts.mp3"
Jul 23 22:40 : output: Failed to open "My ALSA Device" [alsa]: Failed to open ALSA device "hw:1,0": Device or resource busy
Jul 23 22:40 : player_thread: problems opening audio device while playing "Feint/Clockwork Hearts.mp3"
Jul 23 22:40 : output: Failed to open "My ALSA Device" [alsa]: Failed to open ALSA device "hw:1,0": Device or resource busy
Jul 23 22:40 : player_thread: problems opening audio device while playing "Feint/Clockwork Hearts.mp3"
Jul 23 22:49 : mixer: Failed to read mixer for 'My ALSA Device': no such mixer control: PCM
Jul 23 22:50 : Failed to open mixer for 'My ALSA Device': no such mixer control: PCM
Jul 23 22:56 : player_thread: played "Feint/Clockwork Hearts.mp3"
Jul 23 23:00 : player_thread: played "Feint/And i knew.mp3"
Jul 23 23:00 : Failed to open mixer for 'My ALSA Device': no such mixer control: PCM
Jul 23 23:01 : Failed to open mixer for 'My ALSA Device': no such mixer control: PCM
Jul 23 23:37 : output: Failed to open "My ALSA Device" [alsa]: Failed to open ALSA device "hw:1,0": Device or resource busy
Jul 23 23:37 : output: Failed to open "My ALSA Device" [alsa]: Failed to open ALSA device "hw:1,0": Device or resource busy
Jul 23 23:37 : player_thread: problems opening audio device while playing "Feint/Time Bomb.mp3"
Jul 23 23:38 : output: Failed to open "My ALSA Device" [alsa]: Failed to open ALSA device "hw:1,0": Device or resource busy
Jul 23 23:38 : player_thread: problems opening audio device while playing "Feint/The Jounery.mp3"
Jul 23 23:38 : output: Failed to open "My ALSA Device" [alsa]: Failed to open ALSA device "hw:1,0": Device or resource busy
Jul 23 23:38 : player_thread: problems opening audio device while playing "Feint/The Jounery.mp3"
Jul 23 23:38 : output: Failed to open "My ALSA Device" [alsa]: Failed to open ALSA device "hw:1,0": Device or resource busy
Jul 23 23:38 : player_thread: problems opening audio device while playing "Feint/The Jounery.mp3"
Jul 23 23:38 : output: Failed to open "My ALSA Device" [alsa]: Failed to open ALSA device "hw:1,0": Device or resource busy
Jul 23 23:38 : player_thread: problems opening audio device while playing "Feint/The Jounery.mp3"
Jul 23 23:38 : output: Failed to open "My ALSA Device" [alsa]: Failed to open ALSA device "hw:1,0": Device or resource busy
Jul 23 23:38 : player_thread: problems opening audio device while playing "Feint/The Jounery.mp3"
Jul 23 23:38 : output: Failed to open "My ALSA Device" [alsa]: Failed to open ALSA device "hw:1,0": Device or resource busy
Jul 23 23:38 : player_thread: problems opening audio device while playing "Feint/The Jounery.mp3"
Jul 23 23:38 : output: Failed to open "My ALSA Device" [alsa]: Failed to open ALSA device "hw:1,0": Device or resource busy
Jul 23 23:38 : player_thread: problems opening audio device while playing "Feint/The Jounery.mp3"
Jul 23 23:38 : output: Failed to open "My ALSA Device" [alsa]: Failed to open ALSA device "hw:1,0": Device or resource busy
Jul 23 23:38 : player_thread: problems opening audio device while playing "Feint/The Jounery.mp3"
Jul 23 23:38 : output: Failed to open "My ALSA Device" [alsa]: Failed to open ALSA device "hw:1,0": Device or resource busy
Jul 23 23:38 : player_thread: problems opening audio device while playing "Feint/The Jounery.mp3"
Jul 23 23:38 : added Macklemore/Macklemore & Ryan Lewis - Can't hold us.mp3
Jul 23 23:38 : output: Failed to open "My ALSA Device" [alsa]: Failed to open ALSA device "hw:1,0": Device or resource busy
Jul 23 23:38 : player_thread: problems opening audio device while playing "Macklemore/Macklemore & Ryan Lewis - Can't hold us.mp3"
Jul 23 23:38 : output: Failed to open "My ALSA Device" [alsa]: Failed to open ALSA device "hw:1,0": Device or resource busy
Jul 23 23:38 : player_thread: problems opening audio device while playing "Macklemore/Macklemore & Ryan Lewis - Can't hold us.mp3"
Jul 23 23:38 : output: Failed to open "My ALSA Device" [alsa]: Failed to open ALSA device "hw:1,0": Device or resource busy
Jul 23 23:38 : player_thread: problems opening audio device while playing "Macklemore/Macklemore & Ryan Lewis - Can't hold us.mp3"
Jul 23 23:38 : output: Failed to open "My ALSA Device" [alsa]: Failed to open ALSA device "hw:1,0": Device or resource busy
Jul 23 23:38 : player_thread: problems opening audio device while playing "Macklemore/Macklemore & Ryan Lewis - Can't hold us.mp3"
Jul 23 23:43 : avahi: Client Disconnected, will reconnect shortly
Jul 23 23:43 : avahi: Could not reconnect: Daemon not running
Jul 24 11:45 : mixer: Failed to read mixer for 'My ALSA Device': no such mixer control: PCM
Jul 24 11:45 : Failed to open mixer for 'My ALSA Device': no such mixer control: PCM
Jul 24 11:53 : player_thread: played "Macklemore/Macklemore & Ryan Lewis - Can't hold us.mp3"
Jul 24 13:04 : player_thread: played "Feint/The Jounery.mp3"
Jul 24 13:06 : Failed to open mixer for 'My ALSA Device': no such mixer control: PCM
Jul 24 14:07 : Failed to open mixer for 'My ALSA Device': no such mixer control: PCM
Jul 24 14:08 : Failed to open mixer for 'My ALSA Device': no such mixer control: PCM
Jul 24 15:09 : player_thread: played "OST/TES - Skyrim OST.mp3"
Jul 24 15:13 : player_thread: played "Feint/Time Bomb.mp3"
Jul 24 15:15 : player_thread: played "Feint/Ramless B.mp3"
Jul 24 15:19 : player_thread: played "Feint/Vision Driver.mp3"
Jul 24 15:24 : player_thread: played "Feint/Airplanes.mp3"
Jul 24 15:25 : player_thread: played "Feint/Horrizant.mp3"
Jul 24 15:28 : player_thread: played "Feint/Against the Grain.mp3"
Jul 24 15:31 : player_thread: played "Feint/Feint - Reprise.mp3"
Jul 24 15:38 : player_thread: played "Feint/Clockwork Hearts.mp3"
Jul 24 15:42 : player_thread: played "Feint/Moleman.mp3"
Jul 24 15:47 : player_thread: played "Feint/Sabrepuls.mp3"
Jul 24 16:13 : Failed to open mixer for 'My ALSA Device': no such mixer control: PCM
Jul 24 16:15 : player_thread: played "Feint/TwoThirds & Feint - Epiphany.mp3"
Jul 24 16:20 : player_thread: played "Feint/And i knew.mp3"
Jul 24 16:25 : player_thread: played "Feint/Times Like These.mp3"
Jul 24 16:29 : player_thread: played "Feint/Laurence.mp3"
Jul 24 16:36 : player_thread: played "Feint/Clockwork Hearts.mp3"
Jul 24 16:42 : player_thread: played "Feint/04-feint-horizons_feat._veela_(bustre_remix).mp3"
Jul 24 16:47 : player_thread: played "Feint/Feint - Those eyes [FULL].mp3"
Jul 24 23:49 : avahi: Client Disconnected, will reconnect shortly
Jul 24 23:49 : avahi: Could not reconnect: An unexpected D-Bus error occured
Jul 28 15:56 : Failed to open mixer for 'My ALSA Device': no such mixer control: PCM
Jul 28 15:57 : added Monstercat 003 - Momentum/Division - Ephixa (Dubstep).mp3
Jul 28 15:57 : added Monstercat 003 - Momentum/Android - Obsidia.mp3
Jul 28 15:57 : added Monstercat 003 - Momentum/Formless - Feint.mp3
Jul 28 15:57 : added Monstercat 003 - Momentum/Full Focus - Noisestorm.mp3
Jul 28 15:57 : added Monstercat 003 - Momentum/The Technician - Matduke (Neilio Remix).mp3
Jul 28 15:57 : added Monstercat 003 - Momentum/Going Quantum & Stephen Walking - Full Grizzly.mp3
Jul 28 15:57 : added Monstercat 003 - Momentum/Varien - Cloak and Dagger.mp3
Jul 28 15:57 : added Monstercat 003 - Momentum/Shivers - Matduke ft. Metzen.mp3
Jul 28 15:57 : added Monstercat 003 - Momentum/Elements of Sanity - Arion.mp3
Jul 28 15:57 : added Monstercat 003 - Momentum/Limitless - Project 46.mp3
Jul 28 15:57 : added Monstercat 003 - Momentum/Belgium - Eminence & Alex Farway.mp3
Jul 28 15:57 : added Monstercat 003 - Momentum/Top of the World - Stephen Walking.mp3
Jul 28 15:57 : added Monstercat 003 - Momentum/Slide - Project 46.mp3
Jul 28 15:57 : added Monstercat 003 - Momentum/Stockholm - Hellberg.mp3
Jul 28 15:57 : added Monstercat 003 - Momentum/Insomnia - Mr FijiWiji.mp3
Jul 28 16:04 : player_thread: played "Macklemore/Macklemore & Ryan Lewis - Can't hold us.mp3"
Jul 28 16:13 : player_thread: played "Monstercat 003 - Momentum/Belgium - Eminence & Alex Farway.mp3"
Jul 28 16:19 : player_thread: played "Monstercat 003 - Momentum/Division - Ephixa (Dubstep).mp3"
Jul 28 16:23 : player_thread: played "Monstercat 003 - Momentum/Elements of Sanity - Arion.mp3"
Jul 28 16:27 : player_thread: played "Monstercat 003 - Momentum/Formless - Feint.mp3"
Jul 28 16:31 : player_thread: played "Monstercat 003 - Momentum/Full Focus - Noisestorm.mp3"
Jul 28 16:35 : player_thread: played "Monstercat 003 - Momentum/Going Quantum & Stephen Walking - Full Grizzly.mp3"
Jul 28 16:38 : player_thread: played "Monstercat 003 - Momentum/Insomnia - Mr FijiWiji.mp3"
Jul 28 16:45 : player_thread: played "Monstercat 003 - Momentum/Limitless - Project 46.mp3"
Jul 28 16:50 : player_thread: played "Monstercat 003 - Momentum/Shivers - Matduke ft. Metzen.mp3"
Jul 28 16:57 : player_thread: played "Monstercat 003 - Momentum/Slide - Project 46.mp3"
Jul 28 17:01 : player_thread: played "Monstercat 003 - Momentum/Stockholm - Hellberg.mp3"
Jul 28 17:07 : player_thread: played "Monstercat 003 - Momentum/The Technician - Matduke (Neilio Remix).mp3"
Jul 28 17:10 : player_thread: played "Monstercat 003 - Momentum/Top of the World - Stephen Walking.mp3"
Jul 28 17:14 : player_thread: played "Monstercat 003 - Momentum/Varien - Cloak and Dagger.mp3"
Jul 28 17:20 : player_thread: played "Feint/Clockwork Hearts.mp3"
Jul 28 17:26 : player_thread: played "Feint/Times Like These.mp3"
Jul 28 17:33 : player_thread: played "Monstercat 003 - Momentum/Limitless - Project 46.mp3"
Jul 28 17:37 : player_thread: played "Feint/Moleman.mp3"
Jul 28 18:33 : added Monstercat 001 - Launch Week/03 Stephen Walking - Still Walking.mp3
Jul 28 18:33 : added Monstercat 001 - Launch Week/07 Neilio - Captivating.mp3
Jul 28 18:33 : added Monstercat 001 - Launch Week/04 Arion - Cold Blood & Ice Cream Cones.mp3
Jul 28 18:33 : added Monstercat 001 - Launch Week/06 Feint - Atlas.mp3
Jul 28 18:33 : added Monstercat 001 - Launch Week/02 Halo Nova - The Force.mp3
Jul 28 18:33 : added Monstercat 001 - Launch Week/05 Going Quantum - Hello_.mp3
Jul 28 18:33 : added Monstercat 001 - Launch Week/01 Ephixa - Dubstep Killed Rock n Roll.mp3
Jul 28 18:33 : added Macklemore/Macklemore and Ryan Lewis/The VS. EP/03 Life is Cinema.mp3
Jul 28 18:33 : added Macklemore/Macklemore and Ryan Lewis/The VS. EP/07 The End.mp3
Jul 28 18:33 : added Macklemore/Macklemore and Ryan Lewis/The VS. EP/06 Irish Celebration.mp3
Jul 28 18:33 : added Macklemore/Macklemore and Ryan Lewis/The VS. EP/02 Crew Cuts.mp3
Jul 28 18:33 : added Macklemore/Macklemore and Ryan Lewis/The VS. EP/01 Vipassana.mp3
Jul 28 18:33 : added Macklemore/Macklemore and Ryan Lewis/The VS. EP/04 Otherside.mp3
Jul 28 18:33 : added Macklemore/Macklemore and Ryan Lewis/The VS. EP/05 Kings.mp3
Jul 28 18:33 : added Macklemore/Macklemore/The Language of My World/07-macklemore-ego-ftd.mp3
Jul 28 18:33 : added Macklemore/Macklemore/The Language of My World/13-macklemore-the_magic-ftd.mp3
Jul 28 18:33 : added Macklemore/Macklemore/The Language of My World/03-macklemore-b_boy-ftd.mp3
Jul 28 18:33 : added Macklemore/Macklemore/The Language of My World/01-macklemore-intro-ftd.mp3
Jul 28 18:33 : added Macklemore/Macklemore/The Language of My World/16-macklemore-remember_high_school-ftd.mp3
Jul 28 18:33 : added Macklemore/Macklemore/The Language of My World/05-macklemore-fake_id-ftd.mp3
Jul 28 18:33 : added Macklemore/Macklemore/The Language of My World/12-macklemore-penis_song-ftd.mp3
Jul 28 18:33 : added Macklemore/Macklemore/The Language of My World/17-macklemore-contradiction-ftd.mp3
Jul 28 18:33 : added Macklemore/Macklemore/The Language of My World/06-macklemore-hold_your_head_up-ftd.mp3
Jul 28 18:33 : added Macklemore/Macklemore/The Language of My World/02-macklemore-white_privilege-ftd.mp3
Jul 28 18:33 : added Macklemore/Macklemore/The Language of My World/19-macklemore-as_soon_as_i_wake_up-ftd.mp3
Jul 28 18:33 : added Macklemore/Macklemore/The Language of My World/08-macklemore-inhale_deep-ftd.mp3
Jul 28 18:33 : added Macklemore/Macklemore/The Language of My World/18-macklemore-soldiers-ftd.mp3
Jul 28 18:33 : added Macklemore/Macklemore/The Language of My World/11-macklemore-i_said_hey-ftd.mp3
Jul 28 18:33 : added Macklemore/Macklemore/The Language of My World/04-macklemore-claiming_the_city-ftd.mp3
Jul 28 18:33 : added Macklemore/Macklemore/The Language of My World/10-macklemore-good_for_you-ftd.mp3
Jul 28 18:33 : added Macklemore/Macklemore/The Language of My World/15-macklemore-love_song-ftd.mp3
Jul 28 18:33 : added Macklemore/Macklemore/The Language of My World/20-macklemore-my_language-ftd.mp3
Jul 28 18:33 : added Macklemore/Macklemore/The Language of My World/14-macklemore-city_dont_sleep-ftd.mp3
Jul 28 18:33 : added Macklemore/Macklemore/The Language of My World/09-macklemore-bush_song-ftd.mp3
Jul 28 18:33 : added Macklemore/Macklemore/the unplanned mixtape/09 Keep Marchin ft. XP.mp3
Jul 28 18:33 : added Macklemore/Macklemore/the unplanned mixtape/01 The Town.mp3
Jul 28 18:33 : added Macklemore/Macklemore/the unplanned mixtape/05 NXNW Remix.mp3
Jul 28 18:33 : added Macklemore/Macklemore/the unplanned mixtape/08 Letterhead Remix.mp3
Jul 28 18:33 : added Macklemore/Macklemore/the unplanned mixtape/03 The Club.mp3
Jul 28 18:33 : added Macklemore/Macklemore/the unplanned mixtape/06 Fallin.mp3
Jul 28 18:33 : added Macklemore/Macklemore/the unplanned mixtape/02 At The Party.mp3
Jul 28 18:33 : added Macklemore/Macklemore/the unplanned mixtape/07 Church ft. Geo.mp3
Jul 28 18:33 : added Macklemore/Macklemore/the unplanned mixtape/04 American.mp3
Jul 28 18:33 : added Macklemore/Macklemore/the unplanned mixtape/10 And We Danced.mp3
Jul 29 00:17 : added Monstercat 002 - Early Stage/13 Light Pollution.mp3
Jul 29 00:17 : added Monstercat 002 - Early Stage/04 Lost.mp3
Jul 29 00:17 : added Monstercat 002 - Early Stage/02 Blow ExXplode.mp3
Jul 29 00:17 : added Monstercat 002 - Early Stage/11 Obsession.mp3
Jul 29 00:17 : added Monstercat 002 - Early Stage/14 Triceracops.mp3
Jul 29 00:17 : added Monstercat 002 - Early Stage/10 Airwaves.mp3
Jul 29 00:17 : added Monstercat 002 - Early Stage/09 Metropolis.mp3
Jul 29 00:17 : added Monstercat 002 - Early Stage/15 The BASSEX.mp3
Jul 29 00:17 : added Monstercat 002 - Early Stage/03 Dreaming.mp3
Jul 29 00:17 : added Monstercat 002 - Early Stage/12 Rock the House.mp3
Jul 29 00:17 : added Monstercat 002 - Early Stage/07 Tanpopo.mp3
Jul 29 00:17 : added Monstercat 002 - Early Stage/08 Totally Radical.mp3
Jul 29 00:17 : added Monstercat 002 - Early Stage/06 We Move.mp3
Jul 29 00:17 : added Monstercat 002 - Early Stage/05 Another World.mp3
Jul 29 00:17 : added Monstercat 002 - Early Stage/01 Some Wobbles.mp3
Jul 29 00:19 : avahi: Client Disconnected, will reconnect shortly
Jul 29 00:19 : avahi: Could not reconnect: An unexpected D-Bus error occured
Jul 29 13:17 : mixer: Failed to read mixer for 'My ALSA Device': no such mixer control: PCM
Jul 29 13:17 : Failed to open mixer for 'My ALSA Device': no such mixer control: PCM
Jul 29 13:22 : player_thread: played "Feint/01-feint-horizons_feat._veela_(original_mix).mp3"
Jul 29 13:25 : player_thread: played "Monstercat 002 - Early Stage/13 Light Pollution.mp3"
Jul 29 13:30 : player_thread: played "Feint/Sabrepuls.mp3"
Jul 29 13:35 : player_thread: played "Monstercat 003 - Momentum/Shivers - Matduke ft. Metzen.mp3"
Jul 29 13:40 : player_thread: played "Monstercat 003 - Momentum/Formless - Feint.mp3"
Jul 29 13:47 : player_thread: played "Monstercat 002 - Early Stage/07 Tanpopo.mp3"
Jul 29 13:51 : player_thread: played "Monstercat 002 - Early Stage/05 Another World.mp3"
Jul 29 13:55 : player_thread: played "Monstercat 002 - Early Stage/12 Rock the House.mp3"
Jul 29 14:01 : player_thread: played "Feint/Clockwork Hearts.mp3"
Jul 29 14:05 : player_thread: played "Monstercat 003 - Momentum/Varien - Cloak and Dagger.mp3"
Jul 29 14:08 : player_thread: played "Feint/Against the Grain.mp3"
Jul 29 14:12 : player_thread: played "Feint/Laurence.mp3"
Jul 29 14:17 : player_thread: played "Monstercat 002 - Early Stage/01 Some Wobbles.mp3"
Jul 29 14:19 : added Woodkid - The Golden Age 2013 Indie Rock 320kbps CBR MP3 [VX]/03 Woodkid - The Great Escape.mp3
Jul 29 14:19 : added Woodkid - The Golden Age 2013 Indie Rock 320kbps CBR MP3 [VX]/12 Woodkid - Where I Live.mp3
Jul 29 14:19 : added Woodkid - The Golden Age 2013 Indie Rock 320kbps CBR MP3 [VX]/13 Woodkid - Iron.mp3
Jul 29 14:19 : added Woodkid - The Golden Age 2013 Indie Rock 320kbps CBR MP3 [VX]/01 Woodkid - The Golden Age.mp3
Jul 29 14:19 : added Woodkid - The Golden Age 2013 Indie Rock 320kbps CBR MP3 [VX]/11 Woodkid - Falling.mp3
Jul 29 14:19 : added Woodkid - The Golden Age 2013 Indie Rock 320kbps CBR MP3 [VX]/09 Woodkid - Stabat Mater.mp3
Jul 29 14:19 : added Woodkid - The Golden Age 2013 Indie Rock 320kbps CBR MP3 [VX]/04 Woodkid - Boat Song.mp3
Jul 29 14:19 : added Woodkid - The Golden Age 2013 Indie Rock 320kbps CBR MP3 [VX]/05 Woodkid - I Love You.mp3
Jul 29 14:19 : added Woodkid - The Golden Age 2013 Indie Rock 320kbps CBR MP3 [VX]/07 Woodkid - Ghost Lights.mp3
Jul 29 14:19 : added Woodkid - The Golden Age 2013 Indie Rock 320kbps CBR MP3 [VX]/02 Woodkid - Run Boy Run.mp3
Jul 29 14:19 : added Woodkid - The Golden Age 2013 Indie Rock 320kbps CBR MP3 [VX]/14 Woodkid - The Other Side.mp3
Jul 29 14:19 : added Woodkid - The Golden Age 2013 Indie Rock 320kbps CBR MP3 [VX]/06 Woodkid - The Shore.mp3
Jul 29 14:19 : added Woodkid - The Golden Age 2013 Indie Rock 320kbps CBR MP3 [VX]/08 Woodkid - Shadows.mp3
Jul 29 14:19 : added Woodkid - The Golden Age 2013 Indie Rock 320kbps CBR MP3 [VX]/10 Woodkid - Conquest Of Spaces.mp3
Jul 29 14:20 : Failed to open mixer for 'My ALSA Device': no such mixer control: PCM
Jul 29 14:23 : player_thread: played "Woodkid - The Golden Age 2013 Indie Rock 320kbps CBR MP3 [VX]/13 Woodkid - Iron.mp3"
Jul 29 14:30 : player_thread: played "Monstercat 003 - Momentum/Slide - Project 46.mp3"
Jul 29 14:35 : player_thread: played "Feint/Sleepless.mp3"
Jul 29 14:53 : Failed to open mixer for 'My ALSA Device': no such mixer control: PCM
Jul 29 14:55 : player_thread: played "Monstercat 002 - Early Stage/04 Lost.mp3"
Jul 29 15:01 : player_thread: played "Monstercat 003 - Momentum/The Technician - Matduke (Neilio Remix).mp3"
Jul 29 15:03 : player_thread: played "Woodkid - The Golden Age 2013 Indie Rock 320kbps CBR MP3 [VX]/08 Woodkid - Shadows.mp3"
Jul 29 15:10 : player_thread: played "Monstercat 003 - Momentum/Belgium - Eminence & Alex Farway.mp3"
Jul 29 15:13 : player_thread: played "Woodkid - The Golden Age 2013 Indie Rock 320kbps CBR MP3 [VX]/02 Woodkid - Run Boy Run.mp3"
Jul 29 15:15 : player_thread: played "Feint/Horrizant.mp3"
Jul 29 15:18 : player_thread: played "Feint/Feint - Reprise.mp3"
Jul 29 15:22 : player_thread: played "Monstercat 001 - Launch Week/04 Arion - Cold Blood & Ice Cream Cones.mp3"
Jul 29 15:26 : player_thread: played "Feint/And i knew.mp3"
Jul 29 15:30 : player_thread: played "Monstercat 003 - Momentum/Elements of Sanity - Arion.mp3"
Jul 29 15:43 : Failed to open mixer for 'My ALSA Device': no such mixer control: PCM
Jul 29 16:43 : Failed to open mixer for 'My ALSA Device': no such mixer control: PCM
Jul 29 17:15 : player_thread: played "Monstercat 001 - Launch Week/07 Neilio - Captivating.mp3"
Jul 29 17:19 : player_thread: played "Woodkid - The Golden Age 2013 Indie Rock 320kbps CBR MP3 [VX]/12 Woodkid - Where I Live.mp3"
Jul 29 17:50 : Failed to open mixer for 'My ALSA Device': no such mixer control: PCM
Jul 29 17:57 : player_thread: played "Macklemore/Macklemore & Ryan Lewis - Can't hold us.mp3"
Jul 29 18:01 : player_thread: played "Woodkid - The Golden Age 2013 Indie Rock 320kbps CBR MP3 [VX]/14 Woodkid - The Other Side.mp3"
Jul 29 18:06 : player_thread: played "Monstercat 002 - Early Stage/10 Airwaves.mp3"
Jul 29 18:09 : player_thread: played "Woodkid - The Golden Age 2013 Indie Rock 320kbps CBR MP3 [VX]/07 Woodkid - Ghost Lights.mp3"
Jul 29 18:16 : player_thread: played "Feint/Clockwork Hearts.mp3"
Jul 29 18:20 : player_thread: played "Monstercat 002 - Early Stage/09 Metropolis.mp3"
Jul 29 18:24 : player_thread: played "Monstercat 001 - Launch Week/02 Halo Nova - The Force.mp3"
Jul 29 18:28 : player_thread: played "Woodkid - The Golden Age 2013 Indie Rock 320kbps CBR MP3 [VX]/05 Woodkid - I Love You.mp3"
Jul 29 18:32 : player_thread: played "Monstercat 002 - Early Stage/06 We Move.mp3"
Jul 29 18:36 : player_thread: played "Monstercat 001 - Launch Week/06 Feint - Atlas.mp3"
Jul 30 00:22 : avahi: Client Disconnected, will reconnect shortly
Jul 30 00:22 : avahi: Could not reconnect: Daemon not running
Jul 30 10:38 : mixer: Failed to read mixer for 'My ALSA Device': no such mixer control: PCM
Jul 30 10:38 : Failed to open mixer for 'My ALSA Device': no such mixer control: PCM
Jul 30 10:41 : player_thread: played "Woodkid - The Golden Age 2013 Indie Rock 320kbps CBR MP3 [VX]/03 Woodkid - The Great Escape.mp3"
Jul 30 10:45 : player_thread: played "Woodkid - The Golden Age 2013 Indie Rock 320kbps CBR MP3 [VX]/06 Woodkid - The Shore.mp3"
Jul 30 10:49 : player_thread: played "Monstercat 001 - Launch Week/01 Ephixa - Dubstep Killed Rock n Roll.mp3"
Jul 30 10:54 : player_thread: played "Monstercat 001 - Launch Week/07 Neilio - Captivating.mp3"
